[debug] [2024-06-30T10:48:58.250Z] ----------------------------------------------------------------------
[debug] [2024-06-30T10:48:58.253Z] Command:       C:\Program Files\nodejs\node.exe C:\Program Files\nodejs\node_modules\firebase-tools\lib\bin\firebase.js init
[debug] [2024-06-30T10:48:58.253Z] CLI Version:   13.12.0
[debug] [2024-06-30T10:48:58.253Z] Platform:      win32
[debug] [2024-06-30T10:48:58.253Z] Node Version:  v20.9.0
[debug] [2024-06-30T10:48:58.253Z] Time:          Sun Jun 30 2024 18:48:58 GMT+0800 (Philippine Standard Time)
[debug] [2024-06-30T10:48:58.254Z] ----------------------------------------------------------------------
[debug] 
[debug] [2024-06-30T10:48:58.313Z] > command requires scopes: ["email","openid","https://www.googleapis.com/auth/cloudplatformprojects.readonly","https://www.googleapis.com/auth/firebase","https://www.googleapis.com/auth/cloud-platform"]
[debug] [2024-06-30T10:48:58.314Z] > authorizing via signed-in user (brainard.ordona09@gmail.com)
[info] 
     ######## #### ########  ######## ########     ###     ######  ########
     ##        ##  ##     ## ##       ##     ##  ##   ##  ##       ##
     ######    ##  ########  ######   ########  #########  ######  ######
     ##        ##  ##    ##  ##       ##     ## ##     ##       ## ##
     ##       #### ##     ## ######## ########  ##     ##  ######  ########

You're about to initialize a Firebase project in this directory:

  C:\Users\User\Desktop\projects\astro\nebulous-neutron

Before we get started, keep in mind:

  * You are initializing within an existing Firebase project directory

[info] 
=== Project Setup
[info] 
[info] First, let's associate this project directory with a Firebase project.
[info] You can create multiple project aliases by running firebase use --add, 
[info] but for now we'll just set up a default project.
[info] 
[debug] [2024-06-30T10:49:06.354Z] Using project from CLI flag: school-14210
[debug] [2024-06-30T10:49:06.356Z] >>> [apiv2][query] GET https://firebase.googleapis.com/v1beta1/projects/school-14210 [none]
[debug] [2024-06-30T10:49:06.828Z] <<< [apiv2][status] GET https://firebase.googleapis.com/v1beta1/projects/school-14210 200
[debug] [2024-06-30T10:49:06.828Z] <<< [apiv2][body] GET https://firebase.googleapis.com/v1beta1/projects/school-14210 {"projectId":"school-14210","projectNumber":"437951683063","displayName":"school","name":"projects/school-14210","resources":{"hostingSite":"school-14210"},"state":"ACTIVE","etag":"1_c904e622-5bf5-43ff-8e2d-cf64b470ebf2"}
[info] i  Using project school-14210 (school) 
[info] 
=== Hosting Setup
[debug] [2024-06-30T10:49:06.833Z] >>> [apiv2][query] GET https://firebase.googleapis.com/v1beta1/projects/school-14210 [none]
[debug] [2024-06-30T10:49:07.113Z] <<< [apiv2][status] GET https://firebase.googleapis.com/v1beta1/projects/school-14210 200
[debug] [2024-06-30T10:49:07.114Z] <<< [apiv2][body] GET https://firebase.googleapis.com/v1beta1/projects/school-14210 {"projectId":"school-14210","projectNumber":"437951683063","displayName":"school","name":"projects/school-14210","resources":{"hostingSite":"school-14210"},"state":"ACTIVE","etag":"1_c904e622-5bf5-43ff-8e2d-cf64b470ebf2"}
[info] 
[info] Your public directory is the folder (relative to your project directory) that
[info] will contain Hosting assets to be uploaded with firebase deploy. If you
[info] have a build process for your assets, use your build's output directory.
[info] 
[info] +  Wrote src/404.html 
[debug] [2024-06-30T10:49:22.754Z] >>> [apiv2][query] GET https://www.gstatic.com/firebasejs/releases.json [none]
[debug] [2024-06-30T10:49:23.019Z] <<< [apiv2][status] GET https://www.gstatic.com/firebasejs/releases.json 200
[debug] [2024-06-30T10:49:23.020Z] <<< [apiv2][body] GET https://www.gstatic.com/firebasejs/releases.json {"current":{"version":"10.12.2","browserURL":"https://www.gstatic.com/firebasejs/10.12.2/firebase.js","packageURL":"https://www.gstatic.com/firebasejs/10.12.2/firebase.tgz"},"live":{"version":"10.12","browserURL":"https://www.gstatic.com/firebasejs/live/10.12/firebase.js","packageURL":"https://www.gstatic.com/firebasejs/live/10.12/firebase.tgz"},"components":{"analytics":"https://www.gstatic.com/firebasejs/10.12.2/firebase-analytics.js","app":"https://www.gstatic.com/firebasejs/10.12.2/firebase-app.js","app-check":"https://www.gstatic.com/firebasejs/10.12.2/firebase-app-check.js","auth":"https://www.gstatic.com/firebasejs/10.12.2/firebase-auth.js","auth/cordova":"https://www.gstatic.com/firebasejs/10.12.2/firebase-auth/cordova.js","auth/web-extension":"https://www.gstatic.com/firebasejs/10.12.2/firebase-auth/web-extension.js","functions":"https://www.gstatic.com/firebasejs/10.12.2/firebase-functions.js","firestore":"https://www.gstatic.com/firebasejs/10.12.2/firebase-firestore.js","firestore/lite":"https://www.gstatic.com/firebasejs/10.12.2/firebase-firestore/lite.js","installations":"https://www.gstatic.com/firebasejs/10.12.2/firebase-installations.js","storage":"https://www.gstatic.com/firebasejs/10.12.2/firebase-storage.js","performance":"https://www.gstatic.com/firebasejs/10.12.2/firebase-performance.js","remote-config":"https://www.gstatic.com/firebasejs/10.12.2/firebase-remote-config.js","messaging":"https://www.gstatic.com/firebasejs/10.12.2/firebase-messaging.js","messaging/sw":"https://www.gstatic.com/firebasejs/10.12.2/firebase-messaging/sw.js","database":"https://www.gstatic.com/firebasejs/10.12.2/firebase-database.js","vertexai-preview":"https://www.gstatic.com/firebasejs/10.12.2/firebase-vertexai-preview.js","firestore.memory":"https://www.gstatic.com/firebasejs/10.12.2/firebase-firestore.memory.js"}}
[info] +  Wrote src/index.html 
[info] 
[info] i  Detected a .git folder at C:\Users\User\Desktop\projects\astro\nebulous-neutron 
[info] i  Authorizing with GitHub to upload your service account to a GitHub repository's secrets store. 
[info] 
[info] Visit this URL on this device to log in:
[info] https://github.com/login/oauth/authorize?client_id=89cf50f02ac6aaed3484&state=297813594&redirect_uri=http%3A%2F%2Flocalhost%3A9005&scope=read%3Auser%20repo%20public_repo
[info] 
[info] Waiting for authentication...
[debug] [2024-06-30T10:49:23.676Z] >>> [apiv2][query] POST https://github.com/login/oauth/access_token [none]
[debug] [2024-06-30T10:49:23.676Z] >>> [apiv2][body] POST https://github.com/login/oauth/access_token [stream]
[debug] [2024-06-30T10:49:24.164Z] <<< [apiv2][status] POST https://github.com/login/oauth/access_token 200
[debug] [2024-06-30T10:49:24.164Z] <<< [apiv2][body] POST https://github.com/login/oauth/access_token {"access_token":"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","token_type":"bearer","scope":"read:user,repo"}
[debug] [2024-06-30T10:49:24.167Z] >>> [apiv2][query] GET https://api.github.com/user [none]
[debug] [2024-06-30T10:49:24.753Z] <<< [apiv2][status] GET https://api.github.com/user 200
[debug] [2024-06-30T10:49:24.753Z] <<< [apiv2][body] GET https://api.github.com/user {"login":"brainard23","id":80243380,"node_id":"MDQ6VXNlcjgwMjQzMzgw","avatar_url":"https://avatars.githubusercontent.com/u/80243380?v=4","gravatar_id":"","url":"https://api.github.com/users/brainard23","html_url":"https://github.com/brainard23","followers_url":"https://api.github.com/users/brainard23/followers","following_url":"https://api.github.com/users/brainard23/following{/other_user}","gists_url":"https://api.github.com/users/brainard23/gists{/gist_id}","starred_url":"https://api.github.com/users/brainard23/starred{/owner}{/repo}","subscriptions_url":"https://api.github.com/users/brainard23/subscriptions","organizations_url":"https://api.github.com/users/brainard23/orgs","repos_url":"https://api.github.com/users/brainard23/repos","events_url":"https://api.github.com/users/brainard23/events{/privacy}","received_events_url":"https://api.github.com/users/brainard23/received_events","type":"User","site_admin":false,"name":"Brainard Ordona","company":"Fligno","blog":"https://brainard23.github.io/brainard-portfolio/","location":"Cagayan de Oro City Philippines","email":null,"hireable":null,"bio":"Software Engineer","twitter_username":null,"public_repos":21,"public_gists":0,"followers":0,"following":0,"created_at":"2021-03-08T06:53:58Z","updated_at":"2024-06-30T09:39:32Z","private_gists":0,"total_private_repos":1,"owned_private_repos":1,"disk_usage":35505,"collaborators":0,"two_factor_authentication":false,"plan":{"name":"free","space":976562499,"collaborators":0,"private_repos":10000}}
[info] 
[info] +  Success! Logged into GitHub as brainard23 
[info] 
